<?xml version="1.0" encoding="UTF-8"?>
<!-- Generated by org.testng.reporters.JUnitXMLReporter -->
<testsuite ignored="0" hostname="FaizanAhmad" failures="0" tests="18" name="Test" time="190.048" errors="0" timestamp="2024-08-02T14:59:14 IST">
  <testcase classname="com.testng.hdfc.Agri" name="agri" time="1.76"/>
  <testcase classname="com.testng.hdfc.CreditCardPortal" name="close" time="2.141"/>
  <testcase classname="com.testng.hdfc.CreditCardPortal" name="creditcardPortal" time="3.206"/>
  <testcase classname="com.testng.hdfc.Hdfchoverclass" name="close" time="2.151"/>
  <testcase classname="com.testng.hdfc.Hdfchoverclass" name="hdfchover" time="0.716"/>
  <testcase classname="com.testng.hdfc.HdfcLimited" name="close" time="3.586"/>
  <testcase classname="com.testng.hdfc.HdfcLimited" name="loansPortal" time="4.418"/>
  <testcase classname="com.testng.hdfc.Loansportal" name="close" time="2.135"/>
  <testcase classname="com.testng.hdfc.Loansportal" name="loansPortal" time="18.544"/>
  <testcase classname="com.testng.hdfc.NRI" name="nri" time="2.003"/>
  <testcase classname="com.testng.hdfc.Personal" name="personal" time="1.907"/>
  <testcase classname="com.testng.hdfc.Selectproduct" name="loans" time="4.096"/>
  <testcase classname="com.testng.hdfc.Selectproducttype1" name="creditCards" time="0.682"/>
  <testcase classname="com.testng.hdfc.Selectproducttype1" name="deposits" time="0.594"/>
  <testcase classname="com.testng.hdfc.Selectproducttype1" name="dropdown" time="0.119"/>
  <testcase classname="com.testng.hdfc.Selectproducttype1" name="invest" time="0.409"/>
  <testcase classname="com.testng.hdfc.SME" name="sme" time="4.546"/>
  <testcase classname="com.testng.hdfc.WholeSale" name="wholeSale" time="2.194"/>
</testsuite> <!-- Test -->
