# JRE version: OpenJDK Runtime Environment Temurin-17.0.4+8 (17.0.4+8) (build 17.0.4+8)
# Java VM: OpenJDK 64-Bit Server VM Temurin-17.0.4+8 (17.0.4+8, mixed mode, tiered, compressed oops, compressed class ptrs, g1 gc, windows-amd64)
GC Precious Log:
 CPUs: 12 total, 12 available
 Memory: 6005M
 Large Page Support: Disabled
 NUMA Support: Disabled
 Compressed Oops: Enabled (32-bit)
 Heap Region Size: 1M
 Heap Min Capacity: 8M
 Heap Initial Capacity: 94M
 Heap Max Capacity: 1502M
 Pre-touch: Disabled
 Parallel Workers: 10
 Concurrent Workers: 3
 Concurrent Refinement Workers: 10
 Periodic GC: Disabled
Heap:
 garbage-first heap   total 58368K, used 34498K [0x00000000a2200000, 0x0000000100000000)
  region size 1024K, 18 young (18432K), 5 survivors (5120K)
 Metaspace       used 30863K, committed 31104K, reserved 1081344K
  class space    used 3550K, committed 3648K, reserved 1048576K
GC Heap History (8 events):
Event: 1.516 GC heap before
{Heap before GC invocations=0 (full 0):
 garbage-first heap   total 96256K, used 24576K [0x00000000a2200000, 0x0000000100000000)
  region size 1024K, 23 young (23552K), 0 survivors (0K)
 Metaspace       used 10085K, committed 10304K, reserved 1064960K
  class space    used 926K, committed 1024K, reserved 1048576K
}
Event: 1.528 GC heap after
{Heap after GC invocations=1 (full 0):
 garbage-first heap   total 96256K, used 11598K [0x00000000a2200000, 0x0000000100000000)
  region size 1024K, 3 young (3072K), 3 survivors (3072K)
 Metaspace       used 10085K, committed 10304K, reserved 1064960K
  class space    used 926K, committed 1024K, reserved 1048576K
}
Event: 3.015 GC heap before
{Heap before GC invocations=1 (full 0):
 garbage-first heap   total 96256K, used 33102K [0x00000000a2200000, 0x0000000100000000)
  region size 1024K, 24 young (24576K), 3 survivors (3072K)
 Metaspace       used 16824K, committed 17088K, reserved 1064960K
  class space    used 1793K, committed 1920K, reserved 1048576K
}
Event: 3.020 GC heap after
{Heap after GC invocations=2 (full 0):
 garbage-first heap   total 96256K, used 13073K [0x00000000a2200000, 0x0000000100000000)
  region size 1024K, 2 young (2048K), 2 survivors (2048K)
 Metaspace       used 16824K, committed 17088K, reserved 1064960K
  class space    used 1793K, committed 1920K, reserved 1048576K
}
Event: 4.013 GC heap before
{Heap before GC invocations=2 (full 0):
 garbage-first heap   total 96256K, used 26385K [0x00000000a2200000, 0x0000000100000000)
  region size 1024K, 16 young (16384K), 2 survivors (2048K)
 Metaspace       used 21212K, committed 21504K, reserved 1073152K
  class space    used 2284K, committed 2432K, reserved 1048576K
}
Event: 4.017 GC heap after
{Heap after GC invocations=3 (full 0):
 garbage-first heap   total 96256K, used 15020K [0x00000000a2200000, 0x0000000100000000)
  region size 1024K, 4 young (4096K), 4 survivors (4096K)
 Metaspace       used 21212K, committed 21504K, reserved 1073152K
  class space    used 2284K, committed 2432K, reserved 1048576K
}
Event: 5.393 GC heap before
{Heap before GC invocations=4 (full 0):
 garbage-first heap   total 58368K, used 38572K [0x00000000a2200000, 0x0000000100000000)
  region size 1024K, 28 young (28672K), 4 survivors (4096K)
 Metaspace       used 28122K, committed 28416K, reserved 1081344K
  class space    used 3227K, committed 3328K, reserved 1048576K
}
Event: 5.398 GC heap after
{Heap after GC invocations=5 (full 0):
 garbage-first heap   total 58368K, used 17090K [0x00000000a2200000, 0x0000000100000000)
  region size 1024K, 5 young (5120K), 5 survivors (5120K)
 Metaspace       used 28122K, committed 28416K, reserved 1081344K
  class space    used 3227K, committed 3328K, reserved 1048576K
}

