<?xml version="1.0" encoding="UTF-8"?>
<testng-results ignored="0" total="1" passed="1" failed="0" skipped="0">
  <reporter-output>
  </reporter-output>
  <suite started-at="2024-07-29T19:46:17 IST" name="Default suite" finished-at="2024-07-29T19:46:25 IST" duration-ms="7506">
    <groups>
    </groups>
    <test started-at="2024-07-29T19:46:17 IST" name="Default test" finished-at="2024-07-29T19:46:25 IST" duration-ms="7506">
      <class name="com.testng.hdfc.Agri">
        <test-method is-config="true" signature="setup()[pri:0, instance:com.testng.hdfc.Agri@4f49f6af]" started-at="2024-07-29T19:46:17 IST" name="setup" finished-at="2024-07-29T19:46:24 IST" duration-ms="6746" status="PASS">
          <reporter-output>
          </reporter-output>
        </test-method> <!-- setup -->
        <test-method signature="agri()[pri:0, instance:com.testng.hdfc.Agri@4f49f6af]" started-at="2024-07-29T19:46:24 IST" name="agri" finished-at="2024-07-29T19:46:24 IST" duration-ms="405" status="PASS">
          <reporter-output>
          </reporter-output>
        </test-method> <!-- agri -->
        <test-method is-config="true" signature="tearDown()[pri:0, instance:com.testng.hdfc.Agri@4f49f6af]" started-at="2024-07-29T19:46:24 IST" name="tearDown" finished-at="2024-07-29T19:46:25 IST" duration-ms="303" status="PASS">
          <reporter-output>
          </reporter-output>
        </test-method> <!-- tearDown -->
      </class> <!-- com.testng.hdfc.Agri -->
    </test> <!-- Default test -->
  </suite> <!-- Default suite -->
</testng-results>
